<?xml version="1.0" encoding="UTF-8"?>
<testng-results ignored="0" total="1" passed="1" failed="0" skipped="0">
  <reporter-output>
  </reporter-output>
  <suite started-at="2018-12-10T08:12:24Z" name="Default suite" finished-at="2018-12-10T08:12:24Z" duration-ms="42">
    <groups>
    </groups>
    <test started-at="2018-12-10T08:12:24Z" name="Default test" finished-at="2018-12-10T08:12:24Z" duration-ms="42">
      <class name="tenHello.Tenhello">
        <test-method signature="tenHello()[pri:0, instance:tenHello.Tenhello@38102d01]" started-at="2018-12-10T08:12:24Z" name="tenHello" finished-at="2018-12-10T08:12:24Z" duration-ms="18" status="PASS">
          <reporter-output>
          </reporter-output>
        </test-method> <!-- tenHello -->
      </class> <!-- tenHello.Tenhello -->
    </test> <!-- Default test -->
  </suite> <!-- Default suite -->
</testng-results>
