<?xml version="1.0" encoding="UTF-8"?>
<testng-results ignored="0" total="4" passed="4" failed="0" skipped="0">
  <reporter-output>
  </reporter-output>
  <suite started-at="2018-12-05T07:42:21Z" name="Default suite" finished-at="2018-12-05T07:42:47Z" duration-ms="25900">
    <groups>
    </groups>
    <test started-at="2018-12-05T07:42:21Z" name="Default test" finished-at="2018-12-05T07:42:47Z" duration-ms="25900">
      <class name="com.webtest.xinhu_personal.ReInfor">
        <test-method is-config="true" signature="doBeforeSuite()[pri:0, instance:com.webtest.xinhu_personal.ReInfor@57cf54e1]" started-at="2018-12-05T07:42:21Z" name="doBeforeSuite" finished-at="2018-12-05T07:42:27Z" duration-ms="5273" status="PASS">
          <reporter-output>
          </reporter-output>
        </test-method> <!-- doBeforeSuite -->
        <test-method signature="login3()[pri:0, instance:com.webtest.xinhu_personal.ReInfor@57cf54e1]" started-at="2018-12-05T07:42:27Z" name="login3" finished-at="2018-12-05T07:42:34Z" duration-ms="6857" status="PASS">
          <reporter-output>
          </reporter-output>
        </test-method> <!-- login3 -->
        <test-method signature="enterInfor()[pri:0, instance:com.webtest.xinhu_personal.ReInfor@57cf54e1]" started-at="2018-12-05T07:42:34Z" name="enterInfor" finished-at="2018-12-05T07:42:43Z" depends-on-methods="com.webtest.xinhu_personal.ReInfor.login3" duration-ms="9812" status="PASS">
          <reporter-output>
          </reporter-output>
        </test-method> <!-- enterInfor -->
        <test-method signature="reInfor1()[pri:0, instance:com.webtest.xinhu_personal.ReInfor@57cf54e1]" started-at="2018-12-05T07:42:43Z" name="reInfor1" finished-at="2018-12-05T07:42:47Z" depends-on-methods="com.webtest.xinhu_personal.ReInfor.enterInfor" duration-ms="3329" status="PASS">
          <reporter-output>
          </reporter-output>
        </test-method> <!-- reInfor1 -->
        <test-method signature="reInfor2()[pri:0, instance:com.webtest.xinhu_personal.ReInfor@57cf54e1]" started-at="2018-12-05T07:42:47Z" name="reInfor2" finished-at="2018-12-05T07:42:47Z" depends-on-methods="com.webtest.xinhu_personal.ReInfor.enterInfor" duration-ms="26" status="PASS">
          <reporter-output>
          </reporter-output>
        </test-method> <!-- reInfor2 -->
        <test-method is-config="true" signature="doAfterMethod()[pri:0, instance:com.webtest.xinhu_personal.ReInfor@57cf54e1]" started-at="2018-12-05T07:42:47Z" name="doAfterMethod" finished-at="2018-12-05T07:42:47Z" duration-ms="571" status="PASS">
          <reporter-output>
          </reporter-output>
        </test-method> <!-- doAfterMethod -->
      </class> <!-- com.webtest.xinhu_personal.ReInfor -->
    </test> <!-- Default test -->
  </suite> <!-- Default suite -->
</testng-results>
