<?xml version="1.0" encoding="UTF-8"?>
<!-- Generated by org.testng.reporters.JUnitXMLReporter -->
<testsuite ignored="0" hostname="DESKTOP-U67QH3E" failures="0" tests="10" name="wangdonghui" time="60.609" errors="0" timestamp="28 11月 2018 05:57:28 GMT">
  <testcase classname="com.webtest.xinhu_personal.AddrList" name="login1" time="6.754"/>
  <testcase classname="com.webtest.xinhu_personal.AddrList" name="addrList" time="13.006"/>
  <testcase classname="com.webtest.xinhu_personal.AddrList" name="searchList" time="3.317"/>
  <testcase classname="com.webtest.xinhu_personal.AddrList" name="searchList" time="3.279"/>
  <testcase classname="com.webtest.xinhu_personal.AddrList" name="searchList" time="3.276"/>
  <testcase classname="com.webtest.xinhu_personal.Addnotice" name="login2" time="6.735"/>
  <testcase classname="com.webtest.xinhu_personal.Addnotice" name="enterNotice" time="13.095"/>
  <testcase classname="com.webtest.xinhu_personal.Addnotice" name="addNotice" time="0.044"/>
  <testcase classname="com.webtest.xinhu_personal.Addnotice" name="addNotice" time="0.075"/>
  <testcase classname="com.webtest.xinhu_personal.Addnotice" name="addNotice" time="0.056"/>
</testsuite> <!-- wangdonghui -->
