<?xml version="1.0" encoding="UTF-8"?>
<!-- Generated by org.testng.reporters.JUnitReportReporter -->
<testsuite hostname="DESKTOP-U67QH3E" failures="0" tests="4" name="com.webtest.xinhu_personal.ReInfor" time="20.024" errors="0" timestamp="05 12月 2018 07:42:47 GMT" skipped="0">
  <testcase classname="com.webtest.xinhu_personal.ReInfor" name="reInfor1" time="3.329"/>
  <testcase classname="com.webtest.xinhu_personal.ReInfor" name="enterInfor" time="9.812"/>
  <testcase classname="com.webtest.xinhu_personal.ReInfor" name="login3" time="6.857"/>
  <testcase classname="com.webtest.xinhu_personal.ReInfor" name="reInfor2" time="0.026"/>
</testsuite> <!-- com.webtest.xinhu_personal.ReInfor -->
