<?xml version="1.0" encoding="UTF-8"?>
<!-- Generated by org.testng.reporters.JUnitReportReporter -->
<testsuite hostname="DESKTOP-U67QH3E" failures="0" tests="5" name="com.webtest.xinhu_personal.AddrList" time="26.597" errors="0" timestamp="05 12月 2018 06:20:32 GMT" skipped="0">
  <testcase classname="com.webtest.xinhu_personal.AddrList" name="addrList" time="9.759"/>
  <testcase classname="com.webtest.xinhu_personal.AddrList" name="searchList" time="3.350"/>
  <testcase classname="com.webtest.xinhu_personal.AddrList" name="searchList" time="3.368"/>
  <testcase classname="com.webtest.xinhu_personal.AddrList" name="searchList" time="3.355"/>
  <testcase classname="com.webtest.xinhu_personal.AddrList" name="login1" time="6.765"/>
</testsuite> <!-- com.webtest.xinhu_personal.AddrList -->
